[     252ms] [WARNING] [webpack-dev-server] Warnings while compiling. @ http://localhost:4200/polyfills.js:2118
[     253ms] [WARNING] [webpack-dev-server] WARNING
projects/angular-utilities/src/table-builder/components/column-builder/column-builder.component.html:12:22 - warning NG8107: NG8107: The left side of this optional chain operation does not include 'null' or 'undefined' in its type, therefore the '?.' operator can be replaced with the '.' operator. Find more at https://v21.angular.dev/extended-diagnostics/NG8107

12     @if (customCell?.columnDef?.headerCell) {
                        ~~~~~~~~~

  projects/angular-utilities/src/table-builder/components/column-builder/column-builder.component.ts:39:18
    39     templateUrl: './column-builder.component.html',
                        ~~~~~~~~~~~~~~~~~~~~~~~~~~~~~~~~~
    Warning occurs in the template of component ColumnBuilderComponent.
 @ http://localhost:4200/polyfills.js:2118
[     254ms] [WARNING] [webpack-dev-server] WARNING
projects/angular-utilities/src/table-builder/components/column-builder/column-builder.component.html:17:66 - warning NG8107: NG8107: The left side of this optional chain operation does not include 'null' or 'undefined' in its type, therefore the '?.' operator can be replaced with the '.' operator. Find more at https://v21.angular.dev/extended-diagnostics/NG8107

17           @if (!metaData._internalNotUserDefined || !customCell?.columnDef?.cell) {
                                                                    ~~~~~~~~~

  projects/angular-utilities/src/table-builder/components/column-builder/column-builder.component.ts:39:18
    39     templateUrl: './column-builder.component.html',
                        ~~~~~~~~~~~~~~~~~~~~~~~~~~~~~~~~~
    Warning occurs in the template of component ColumnBuilderComponent.
 @ http://localhost:4200/polyfills.js:2118
[     254ms] [WARNING] [webpack-dev-server] WARNING
projects/angular-utilities/src/table-builder/components/column-builder/column-builder.component.html:28:67 - warning NG8107: NG8107: The left side of this optional chain operation does not include 'null' or 'undefined' in its type, therefore the '?.' operator can be replaced with the '.' operator. Find more at https://v21.angular.dev/extended-diagnostics/NG8107

28           @if ((!metaData._internalNotUserDefined || !customCell?.columnDef?.cell) && (showfilters$ | async)) {
                                                                     ~~~~~~~~~

  projects/angular-utilities/src/table-builder/components/column-builder/column-builder.component.ts:39:18
    39     templateUrl: './column-builder.component.html',
                        ~~~~~~~~~~~~~~~~~~~~~~~~~~~~~~~~~
    Warning occurs in the template of component ColumnBuilderComponent.
 @ http://localhost:4200/polyfills.js:2118
[     254ms] [WARNING] [webpack-dev-server] WARNING
projects/angular-utilities/src/table-builder/components/column-builder/column-builder.component.html:44:22 - warning NG8107: NG8107: The left side of this optional chain operation does not include 'null' or 'undefined' in its type, therefore the '?.' operator can be replaced with the '.' operator. Find more at https://v21.angular.dev/extended-diagnostics/NG8107

44     @if (customCell?.columnDef?.footerCell) {
                        ~~~~~~~~~

  projects/angular-utilities/src/table-builder/components/column-builder/column-builder.component.ts:39:18
    39     templateUrl: './column-builder.component.html',
                        ~~~~~~~~~~~~~~~~~~~~~~~~~~~~~~~~~
    Warning occurs in the template of component ColumnBuilderComponent.
 @ http://localhost:4200/polyfills.js:2118
[     254ms] [WARNING] [webpack-dev-server] WARNING
C:\Users\yholtzberg\WebstormProjects\OodleTableBuilder\projects\angular-utilities\src\table-builder\classes\table-builder.ts depends on 'lodash'. CommonJS or AMD dependencies can cause optimization bailouts.
For more info see: https://angular.dev/tools/cli/build#configuring-commonjs-dependencies @ http://localhost:4200/polyfills.js:2118
[     254ms] [WARNING] [webpack-dev-server] WARNING
C:\Users\yholtzberg\WebstormProjects\OodleTableBuilder\projects\angular-utilities\src\table-builder\classes\table-store.ts depends on 'immutability-helper'. CommonJS or AMD dependencies can cause optimization bailouts.
For more info see: https://angular.dev/tools/cli/build#configuring-commonjs-dependencies @ http://localhost:4200/polyfills.js:2118
[    4041ms] [ERROR] ERROR Error: Conditional row definitions via the `when` input are not supported when virtual scrolling is enabled, at the moment.
    at MatTable._cacheRowDefs (http://localhost:4200/vendor.js:44866:15)
    at MatTable._render (http://localhost:4200/vendor.js:44781:10)
    at MatTable._outletAssigned (http://localhost:4200/vendor.js:44773:14)
    at new FooterRowOutlet (http://localhost:4200/vendor.js:44441:11)
    at NodeInjectorFactory.FooterRowOutlet_Factory [as factory] (http://localhost:4200/vendor.js:44444:12)
    at getNodeInjectable (http://localhost:4200/vendor.js:55045:38)
    at instantiateAllDirectives (http://localhost:4200/vendor.js:59195:23)
    at createDirectivesInstances (http://localhost:4200/vendor.js:59054:3)
    at ɵɵelementContainerStart (http://localhost:4200/vendor.js:68152:5)
    at ɵɵelementContainer (http://localhost:4200/vendor.js:68172:3) @ http://localhost:4200/vendor.js:75806
[    4078ms] [ERROR] ERROR Error: Conditional row definitions via the `when` input are not supported when virtual scrolling is enabled, at the moment.
    at MatTable._cacheRowDefs (http://localhost:4200/vendor.js:44866:15)
    at MatTable._render (http://localhost:4200/vendor.js:44781:10)
    at MatTable.ngAfterContentChecked (http://localhost:4200/vendor.js:44630:12)
    at callHookInternal (http://localhost:4200/vendor.js:54562:10)
    at callHook (http://localhost:4200/vendor.js:54580:5)
    at callHooks (http://localhost:4200/vendor.js:54551:9)
    at executeCheckHooks (http://localhost:4200/vendor.js:54515:3)
    at refreshView (http://localhost:4200/vendor.js:59737:11)
    at detectChangesInView (http://localhost:4200/vendor.js:59848:5)
    at detectChangesInViewIfAttached (http://localhost:4200/vendor.js:59831:3) @ http://localhost:4200/vendor.js:75806
[    4091ms] [ERROR] ERROR Error: Conditional row definitions via the `when` input are not supported when virtual scrolling is enabled, at the moment.
    at MatTable._cacheRowDefs (http://localhost:4200/vendor.js:44866:15)
    at MatTable._render (http://localhost:4200/vendor.js:44781:10)
    at MatTable.ngAfterContentChecked (http://localhost:4200/vendor.js:44630:12)
    at callHookInternal (http://localhost:4200/vendor.js:54562:10)
    at callHook (http://localhost:4200/vendor.js:54580:5)
    at callHooks (http://localhost:4200/vendor.js:54551:9)
    at executeCheckHooks (http://localhost:4200/vendor.js:54515:3)
    at refreshView (http://localhost:4200/vendor.js:59737:11)
    at detectChangesInView (http://localhost:4200/vendor.js:59848:5)
    at detectChangesInViewIfAttached (http://localhost:4200/vendor.js:59831:3) @ http://localhost:4200/vendor.js:75806
[    4092ms] [ERROR] ERROR Error: Conditional row definitions via the `when` input are not supported when virtual scrolling is enabled, at the moment.
    at MatTable._cacheRowDefs (http://localhost:4200/vendor.js:44866:15)
    at MatTable._render (http://localhost:4200/vendor.js:44781:10)
    at MatTable.ngAfterContentChecked (http://localhost:4200/vendor.js:44630:12)
    at callHookInternal (http://localhost:4200/vendor.js:54562:10)
    at callHook (http://localhost:4200/vendor.js:54580:5)
    at callHooks (http://localhost:4200/vendor.js:54551:9)
    at executeCheckHooks (http://localhost:4200/vendor.js:54515:3)
    at refreshView (http://localhost:4200/vendor.js:59737:11)
    at detectChangesInView (http://localhost:4200/vendor.js:59848:5)
    at detectChangesInViewIfAttached (http://localhost:4200/vendor.js:59831:3) @ http://localhost:4200/vendor.js:75806
[    4094ms] [ERROR] ERROR Error: Conditional row definitions via the `when` input are not supported when virtual scrolling is enabled, at the moment.
    at MatTable._cacheRowDefs (http://localhost:4200/vendor.js:44866:15)
    at MatTable._render (http://localhost:4200/vendor.js:44781:10)
    at MatTable.ngAfterContentChecked (http://localhost:4200/vendor.js:44630:12)
    at callHookInternal (http://localhost:4200/vendor.js:54562:10)
    at callHook (http://localhost:4200/vendor.js:54580:5)
    at callHooks (http://localhost:4200/vendor.js:54551:9)
    at executeCheckHooks (http://localhost:4200/vendor.js:54515:3)
    at refreshView (http://localhost:4200/vendor.js:59737:11)
    at detectChangesInView (http://localhost:4200/vendor.js:59848:5)
    at detectChangesInViewIfAttached (http://localhost:4200/vendor.js:59831:3) @ http://localhost:4200/vendor.js:75806
[    4096ms] [ERROR] ERROR Error: Conditional row definitions via the `when` input are not supported when virtual scrolling is enabled, at the moment.
    at MatTable._cacheRowDefs (http://localhost:4200/vendor.js:44866:15)
    at MatTable._render (http://localhost:4200/vendor.js:44781:10)
    at MatTable.ngAfterContentChecked (http://localhost:4200/vendor.js:44630:12)
    at callHookInternal (http://localhost:4200/vendor.js:54562:10)
    at callHook (http://localhost:4200/vendor.js:54580:5)
    at callHooks (http://localhost:4200/vendor.js:54551:9)
    at executeCheckHooks (http://localhost:4200/vendor.js:54515:3)
    at refreshView (http://localhost:4200/vendor.js:59737:11)
    at detectChangesInView (http://localhost:4200/vendor.js:59848:5)
    at detectChangesInViewIfAttached (http://localhost:4200/vendor.js:59831:3) @ http://localhost:4200/vendor.js:75806
[    4099ms] [ERROR] ERROR Error: Conditional row definitions via the `when` input are not supported when virtual scrolling is enabled, at the moment.
    at MatTable._cacheRowDefs (http://localhost:4200/vendor.js:44866:15)
    at MatTable._render (http://localhost:4200/vendor.js:44781:10)
    at MatTable.ngAfterContentChecked (http://localhost:4200/vendor.js:44630:12)
    at callHookInternal (http://localhost:4200/vendor.js:54562:10)
    at callHook (http://localhost:4200/vendor.js:54580:5)
    at callHooks (http://localhost:4200/vendor.js:54551:9)
    at executeCheckHooks (http://localhost:4200/vendor.js:54515:3)
    at refreshView (http://localhost:4200/vendor.js:59737:11)
    at detectChangesInView (http://localhost:4200/vendor.js:59848:5)
    at detectChangesInViewIfAttached (http://localhost:4200/vendor.js:59831:3) @ http://localhost:4200/vendor.js:75806
[    4100ms] [ERROR] ERROR Error: Conditional row definitions via the `when` input are not supported when virtual scrolling is enabled, at the moment.
    at MatTable._cacheRowDefs (http://localhost:4200/vendor.js:44866:15)
    at MatTable._render (http://localhost:4200/vendor.js:44781:10)
    at MatTable.ngAfterContentChecked (http://localhost:4200/vendor.js:44630:12)
    at callHookInternal (http://localhost:4200/vendor.js:54562:10)
    at callHook (http://localhost:4200/vendor.js:54580:5)
    at callHooks (http://localhost:4200/vendor.js:54551:9)
    at executeCheckHooks (http://localhost:4200/vendor.js:54515:3)
    at refreshView (http://localhost:4200/vendor.js:59737:11)
    at detectChangesInView (http://localhost:4200/vendor.js:59848:5)
    at detectChangesInViewIfAttached (http://localhost:4200/vendor.js:59831:3) @ http://localhost:4200/vendor.js:75806
[  362319ms] [ERROR] ERROR Error: Conditional row definitions via the `when` input are not supported when virtual scrolling is enabled, at the moment.
    at MatTable._cacheRowDefs (http://localhost:4200/vendor.js:44866:15)
    at MatTable._render (http://localhost:4200/vendor.js:44781:10)
    at MatTable.ngAfterContentChecked (http://localhost:4200/vendor.js:44630:12)
    at callHookInternal (http://localhost:4200/vendor.js:54562:10)
    at callHook (http://localhost:4200/vendor.js:54580:5)
    at callHooks (http://localhost:4200/vendor.js:54551:9)
    at executeCheckHooks (http://localhost:4200/vendor.js:54515:3)
    at refreshView (http://localhost:4200/vendor.js:59737:11)
    at detectChangesInView (http://localhost:4200/vendor.js:59848:5)
    at detectChangesInViewIfAttached (http://localhost:4200/vendor.js:59831:3) @ http://localhost:4200/vendor.js:75806
[  362324ms] [ERROR] ERROR Error: Conditional row definitions via the `when` input are not supported when virtual scrolling is enabled, at the moment.
    at MatTable._cacheRowDefs (http://localhost:4200/vendor.js:44866:15)
    at MatTable._render (http://localhost:4200/vendor.js:44781:10)
    at MatTable.ngAfterContentChecked (http://localhost:4200/vendor.js:44630:12)
    at callHookInternal (http://localhost:4200/vendor.js:54562:10)
    at callHook (http://localhost:4200/vendor.js:54580:5)
    at callHooks (http://localhost:4200/vendor.js:54551:9)
    at executeCheckHooks (http://localhost:4200/vendor.js:54515:3)
    at refreshView (http://localhost:4200/vendor.js:59737:11)
    at detectChangesInView (http://localhost:4200/vendor.js:59848:5)
    at detectChangesInViewIfAttached (http://localhost:4200/vendor.js:59831:3) @ http://localhost:4200/vendor.js:75806
[  362326ms] [ERROR] ERROR Error: Conditional row definitions via the `when` input are not supported when virtual scrolling is enabled, at the moment.
    at MatTable._cacheRowDefs (http://localhost:4200/vendor.js:44866:15)
    at MatTable._render (http://localhost:4200/vendor.js:44781:10)
    at MatTable.ngAfterContentChecked (http://localhost:4200/vendor.js:44630:12)
    at callHookInternal (http://localhost:4200/vendor.js:54562:10)
    at callHook (http://localhost:4200/vendor.js:54580:5)
    at callHooks (http://localhost:4200/vendor.js:54551:9)
    at executeCheckHooks (http://localhost:4200/vendor.js:54515:3)
    at refreshView (http://localhost:4200/vendor.js:59737:11)
    at detectChangesInView (http://localhost:4200/vendor.js:59848:5)
    at detectChangesInViewIfAttached (http://localhost:4200/vendor.js:59831:3) @ http://localhost:4200/vendor.js:75806
[  871758ms] [ERROR] WebSocket connection to 'ws://localhost:4200/ng-cli-ws' failed: Error in connection establishment: net::ERR_CONNECTION_REFUSED @ http://localhost:4200/polyfills.js:724
[  871759ms] [ERROR] [webpack-dev-server] Event @ http://localhost:4200/polyfills.js:2122
