[      77ms] [WARNING] [webpack-dev-server] Warnings while compiling. @ http://localhost:4200/polyfills.js:2118
[      77ms] [WARNING] [webpack-dev-server] WARNING
projects/angular-utilities/src/table-builder/components/column-builder/column-builder.component.html:12:22 - warning NG8107: NG8107: The left side of this optional chain operation does not include 'null' or 'undefined' in its type, therefore the '?.' operator can be replaced with the '.' operator. Find more at https://v21.angular.dev/extended-diagnostics/NG8107

12     @if (customCell?.columnDef?.headerCell) {
                        ~~~~~~~~~

  projects/angular-utilities/src/table-builder/components/column-builder/column-builder.component.ts:39:18
    39     templateUrl: './column-builder.component.html',
                        ~~~~~~~~~~~~~~~~~~~~~~~~~~~~~~~~~
    Warning occurs in the template of component ColumnBuilderComponent.
 @ http://localhost:4200/polyfills.js:2118
[      77ms] [WARNING] [webpack-dev-server] WARNING
projects/angular-utilities/src/table-builder/components/column-builder/column-builder.component.html:17:66 - warning NG8107: NG8107: The left side of this optional chain operation does not include 'null' or 'undefined' in its type, therefore the '?.' operator can be replaced with the '.' operator. Find more at https://v21.angular.dev/extended-diagnostics/NG8107

17           @if (!metaData._internalNotUserDefined || !customCell?.columnDef?.cell) {
                                                                    ~~~~~~~~~

  projects/angular-utilities/src/table-builder/components/column-builder/column-builder.component.ts:39:18
    39     templateUrl: './column-builder.component.html',
                        ~~~~~~~~~~~~~~~~~~~~~~~~~~~~~~~~~
    Warning occurs in the template of component ColumnBuilderComponent.
 @ http://localhost:4200/polyfills.js:2118
[      77ms] [WARNING] [webpack-dev-server] WARNING
projects/angular-utilities/src/table-builder/components/column-builder/column-builder.component.html:28:67 - warning NG8107: NG8107: The left side of this optional chain operation does not include 'null' or 'undefined' in its type, therefore the '?.' operator can be replaced with the '.' operator. Find more at https://v21.angular.dev/extended-diagnostics/NG8107

28           @if ((!metaData._internalNotUserDefined || !customCell?.columnDef?.cell) && (showfilters$ | async)) {
                                                                     ~~~~~~~~~

  projects/angular-utilities/src/table-builder/components/column-builder/column-builder.component.ts:39:18
    39     templateUrl: './column-builder.component.html',
                        ~~~~~~~~~~~~~~~~~~~~~~~~~~~~~~~~~
    Warning occurs in the template of component ColumnBuilderComponent.
 @ http://localhost:4200/polyfills.js:2118
[      77ms] [WARNING] [webpack-dev-server] WARNING
projects/angular-utilities/src/table-builder/components/column-builder/column-builder.component.html:44:22 - warning NG8107: NG8107: The left side of this optional chain operation does not include 'null' or 'undefined' in its type, therefore the '?.' operator can be replaced with the '.' operator. Find more at https://v21.angular.dev/extended-diagnostics/NG8107

44     @if (customCell?.columnDef?.footerCell) {
                        ~~~~~~~~~

  projects/angular-utilities/src/table-builder/components/column-builder/column-builder.component.ts:39:18
    39     templateUrl: './column-builder.component.html',
                        ~~~~~~~~~~~~~~~~~~~~~~~~~~~~~~~~~
    Warning occurs in the template of component ColumnBuilderComponent.
 @ http://localhost:4200/polyfills.js:2118
[      78ms] [WARNING] [webpack-dev-server] WARNING
C:\Users\yholtzberg\WebstormProjects\OodleTableBuilder\projects\angular-utilities\src\table-builder\classes\table-builder.ts depends on 'lodash'. CommonJS or AMD dependencies can cause optimization bailouts.
For more info see: https://angular.dev/tools/cli/build#configuring-commonjs-dependencies @ http://localhost:4200/polyfills.js:2118
[      78ms] [WARNING] [webpack-dev-server] WARNING
C:\Users\yholtzberg\WebstormProjects\OodleTableBuilder\projects\angular-utilities\src\table-builder\classes\table-store.ts depends on 'immutability-helper'. CommonJS or AMD dependencies can cause optimization bailouts.
For more info see: https://angular.dev/tools/cli/build#configuring-commonjs-dependencies @ http://localhost:4200/polyfills.js:2118
[   15397ms] [ERROR] WebSocket connection to 'ws://localhost:4200/ng-cli-ws' failed: Error in connection establishment: net::ERR_CONNECTION_REFUSED @ http://localhost:4200/polyfills.js:724
[   15398ms] [ERROR] [webpack-dev-server] Event @ http://localhost:4200/polyfills.js:2122
