[      75ms] [WARNING] [webpack-dev-server] Warnings while compiling. @ http://localhost:4200/polyfills.js:2118
[      75ms] [WARNING] [webpack-dev-server] WARNING
projects/angular-utilities/src/table-builder/components/column-builder/column-builder.component.html:12:22 - warning NG8107: NG8107: The left side of this optional chain operation does not include 'null' or 'undefined' in its type, therefore the '?.' operator can be replaced with the '.' operator. Find more at https://v21.angular.dev/extended-diagnostics/NG8107

12     @if (customCell?.columnDef?.headerCell) {
                        ~~~~~~~~~

  projects/angular-utilities/src/table-builder/components/column-builder/column-builder.component.ts:39:18
    39     templateUrl: './column-builder.component.html',
                        ~~~~~~~~~~~~~~~~~~~~~~~~~~~~~~~~~
    Warning occurs in the template of component ColumnBuilderComponent.
 @ http://localhost:4200/polyfills.js:2118
[      76ms] [WARNING] [webpack-dev-server] WARNING
projects/angular-utilities/src/table-builder/components/column-builder/column-builder.component.html:17:66 - warning NG8107: NG8107: The left side of this optional chain operation does not include 'null' or 'undefined' in its type, therefore the '?.' operator can be replaced with the '.' operator. Find more at https://v21.angular.dev/extended-diagnostics/NG8107

17           @if (!metaData._internalNotUserDefined || !customCell?.columnDef?.cell) {
                                                                    ~~~~~~~~~

  projects/angular-utilities/src/table-builder/components/column-builder/column-builder.component.ts:39:18
    39     templateUrl: './column-builder.component.html',
                        ~~~~~~~~~~~~~~~~~~~~~~~~~~~~~~~~~
    Warning occurs in the template of component ColumnBuilderComponent.
 @ http://localhost:4200/polyfills.js:2118
[      76ms] [WARNING] [webpack-dev-server] WARNING
projects/angular-utilities/src/table-builder/components/column-builder/column-builder.component.html:28:67 - warning NG8107: NG8107: The left side of this optional chain operation does not include 'null' or 'undefined' in its type, therefore the '?.' operator can be replaced with the '.' operator. Find more at https://v21.angular.dev/extended-diagnostics/NG8107

28           @if ((!metaData._internalNotUserDefined || !customCell?.columnDef?.cell) && (showfilters$ | async)) {
                                                                     ~~~~~~~~~

  projects/angular-utilities/src/table-builder/components/column-builder/column-builder.component.ts:39:18
    39     templateUrl: './column-builder.component.html',
                        ~~~~~~~~~~~~~~~~~~~~~~~~~~~~~~~~~
    Warning occurs in the template of component ColumnBuilderComponent.
 @ http://localhost:4200/polyfills.js:2118
[      76ms] [WARNING] [webpack-dev-server] WARNING
projects/angular-utilities/src/table-builder/components/column-builder/column-builder.component.html:44:22 - warning NG8107: NG8107: The left side of this optional chain operation does not include 'null' or 'undefined' in its type, therefore the '?.' operator can be replaced with the '.' operator. Find more at https://v21.angular.dev/extended-diagnostics/NG8107

44     @if (customCell?.columnDef?.footerCell) {
                        ~~~~~~~~~

  projects/angular-utilities/src/table-builder/components/column-builder/column-builder.component.ts:39:18
    39     templateUrl: './column-builder.component.html',
                        ~~~~~~~~~~~~~~~~~~~~~~~~~~~~~~~~~
    Warning occurs in the template of component ColumnBuilderComponent.
 @ http://localhost:4200/polyfills.js:2118
[     571ms] [ERROR] ERROR TypeError: Cannot read properties of undefined (reading 'length')
    at ArrayColumnComponent_Template (http://localhost:4200/main.js:3803:81)
    at executeTemplate (http://localhost:4200/vendor.js:59046:5)
    at refreshView (http://localhost:4200/vendor.js:59708:7)
    at detectChangesInView (http://localhost:4200/vendor.js:59848:5)
    at detectChangesInViewIfAttached (http://localhost:4200/vendor.js:59831:3)
    at detectChangesInComponent (http://localhost:4200/vendor.js:59822:5)
    at detectChangesInChildComponents (http://localhost:4200/vendor.js:59870:5)
    at refreshView (http://localhost:4200/vendor.js:59750:7)
    at detectChangesInView (http://localhost:4200/vendor.js:59848:5)
    at detectChangesInViewIfAttached (http://localhost:4200/vendor.js:59831:3) @ http://localhost:4200/vendor.js:75806
[     574ms] [ERROR] ERROR TypeError: Cannot read properties of undefined (reading 'length')
    at ArrayColumnComponent_Template (http://localhost:4200/main.js:3803:81)
    at executeTemplate (http://localhost:4200/vendor.js:59046:5)
    at refreshView (http://localhost:4200/vendor.js:59708:7)
    at detectChangesInView (http://localhost:4200/vendor.js:59848:5)
    at detectChangesInViewIfAttached (http://localhost:4200/vendor.js:59831:3)
    at detectChangesInComponent (http://localhost:4200/vendor.js:59822:5)
    at detectChangesInChildComponents (http://localhost:4200/vendor.js:59870:5)
    at refreshView (http://localhost:4200/vendor.js:59750:7)
    at detectChangesInView (http://localhost:4200/vendor.js:59848:5)
    at detectChangesInViewIfAttached (http://localhost:4200/vendor.js:59831:3) @ http://localhost:4200/vendor.js:75806
[     601ms] [ERROR] ERROR TypeError: Cannot read properties of undefined (reading 'length')
    at ArrayColumnComponent_Template (http://localhost:4200/main.js:3803:81)
    at executeTemplate (http://localhost:4200/vendor.js:59046:5)
    at refreshView (http://localhost:4200/vendor.js:59708:7)
    at detectChangesInView (http://localhost:4200/vendor.js:59848:5)
    at detectChangesInViewIfAttached (http://localhost:4200/vendor.js:59831:3)
    at detectChangesInComponent (http://localhost:4200/vendor.js:59822:5)
    at detectChangesInChildComponents (http://localhost:4200/vendor.js:59870:5)
    at refreshView (http://localhost:4200/vendor.js:59750:7)
    at detectChangesInView (http://localhost:4200/vendor.js:59848:5)
    at detectChangesInViewIfAttached (http://localhost:4200/vendor.js:59831:3) @ http://localhost:4200/vendor.js:75806
[ 1670911ms] [ERROR] WebSocket connection to 'ws://localhost:4200/ng-cli-ws' failed: Error in connection establishment: net::ERR_CONNECTION_REFUSED @ http://localhost:4200/polyfills.js:724
[ 1670912ms] [ERROR] [webpack-dev-server] Event @ http://localhost:4200/polyfills.js:2122
[ 1675313ms] [ERROR] WebSocket connection to 'ws://localhost:4200/ng-cli-ws' failed: Error in connection establishment: net::ERR_CONNECTION_REFUSED @ http://localhost:4200/polyfills.js:724
[ 1675314ms] [ERROR] [webpack-dev-server] Event @ http://localhost:4200/polyfills.js:2122
[ 1681703ms] [ERROR] WebSocket connection to 'ws://localhost:4200/ng-cli-ws' failed: Error in connection establishment: net::ERR_CONNECTION_REFUSED @ http://localhost:4200/polyfills.js:724
[ 1681703ms] [ERROR] [webpack-dev-server] Event @ http://localhost:4200/polyfills.js:2122
[ 1692159ms] [ERROR] WebSocket connection to 'ws://localhost:4200/ng-cli-ws' failed: Error in connection establishment: net::ERR_CONNECTION_REFUSED @ http://localhost:4200/polyfills.js:724
[ 1692159ms] [ERROR] [webpack-dev-server] Event @ http://localhost:4200/polyfills.js:2122
[ 1710537ms] [ERROR] WebSocket connection to 'ws://localhost:4200/ng-cli-ws' failed: Error in connection establishment: net::ERR_CONNECTION_REFUSED @ http://localhost:4200/polyfills.js:724
[ 1710537ms] [ERROR] [webpack-dev-server] Event @ http://localhost:4200/polyfills.js:2122
[ 1745012ms] [ERROR] WebSocket connection to 'ws://localhost:4200/ng-cli-ws' failed: Error in connection establishment: net::ERR_CONNECTION_REFUSED @ http://localhost:4200/polyfills.js:724
[ 1745013ms] [ERROR] [webpack-dev-server] Event @ http://localhost:4200/polyfills.js:2122
